[4mRunning "serve" task[24m

[4mRunning "clean:server" (clean) task[24m
[32m>> [39m1 path cleaned.

[4mRunning "wiredep:app" (wiredep) task[24m

[4mRunning "wiredep:test" (wiredep) task[24m

[4mRunning "concurrent:server" (concurrent) task[24m
    
    [4mRunning "copy:styles" (copy) task[24m
    Copied 1 file
    
    [32mDone, without errors.[39m
    
    
    Execution Time (2018-01-10 17:21:22 UTC+5:30)
    loading tasks               284ms  ▇▇▇▇▇▇▇▇▇▇▇▇▇▇▇▇▇▇▇▇▇▇▇▇▇▇▇▇▇ 85%
    loading grunt-contrib-copy   25ms  ▇▇▇ 7%
    copy:styles                  24ms  ▇▇▇ 7%
    Total 334ms
    
[4mRunning "postcss:server" (postcss) task[24m
[32m>> [39m1 processed stylesheet created.

[4mRunning "connect:livereload" (connect) task[24m
Started connect web server on http://projects.udaantechnologies.com:9000

[4mRunning "watch" task[24m
Waiting...
[4mRunning "serve" task[24m

[4mRunning "clean:server" (clean) task[24m
[32m>> [39m1 path cleaned.

[4mRunning "wiredep:app" (wiredep) task[24m

[4mRunning "wiredep:test" (wiredep) task[24m

[4mRunning "concurrent:server" (concurrent) task[24m
    
    [4mRunning "copy:styles" (copy) task[24m
    Copied 1 file
    
    [32mDone, without errors.[39m
    
    
    Execution Time (2018-01-10 19:18:23 UTC+5:30)
    loading tasks               286ms  ▇▇▇▇▇▇▇▇▇▇▇▇▇▇▇▇▇▇▇▇▇▇▇▇▇▇▇▇▇ 85%
    loading grunt-contrib-copy   26ms  ▇▇▇ 8%
    copy:styles                  25ms  ▇▇▇ 7%
    Total 338ms
    
[4mRunning "postcss:server" (postcss) task[24m
[32m>> [39m1 processed stylesheet created.

[4mRunning "connect:livereload" (connect) task[24m
Started connect web server on http://projects.udaantechnologies.com:9000

[4mRunning "watch" task[24m
Waiting...
[32m>> [39mFile "app/views/login.html" changed.
[32m>> [39mFile "bower.json" changed.
[32m>> [39mFile "app/index.html" changed.
[32m>> [39mFile "app/partials/header.html" changed.
[32m>> [39mFile "app/scripts/services/dashboard.js" changed.
[32m>> [39mFile "app/scripts/app.js" changed.
[32m>> [39mFile "app/scripts/services/user.js" changed.
[32m>> [39mFile "app/scripts/controllers/user.js" changed.
[32m>> [39mFile "app/views/register.html" changed.
[32m>> [39mFile "app/scripts/controllers/dashboard.js" changed.
[32m>> [39mFile "app/partials/sidebar.html" changed.
[32m>> [39mFile "app/scripts/services/storage-service.js" deleted.
[32m>> [39mFile "app/scripts/services/sessionService.js" renamed.
Loading "Gruntfile.js" tasks...[31mERROR[39m
[31m>> [39mSyntaxError: /var/www/vhosts/udaantechnologies.com/projects/ladak/bower.json: Unexpected token < in JSON at position 284
[31m>> [39mNo "wiredep" targets found.
[33mWarning: Task "wiredep" failed. Use --force to continue.[39m

[31mAborted due to warnings.[39m


Execution Time (2018-01-11 18:28:30 UTC+5:30)
loading tasks          19ms  ▇▇▇▇▇▇▇▇▇▇▇▇▇▇▇▇▇▇▇ 48%
loading grunt-wiredep  20ms  ▇▇▇▇▇▇▇▇▇▇▇▇▇▇▇▇▇▇▇▇ 50%
Total 40ms

Loading "Gruntfile.js" tasks...[31mERROR[39m
[31m>> [39mSyntaxError: /var/www/vhosts/udaantechnologies.com/projects/ladak/bower.json: Unexpected token < in JSON at position 284

[4mRunning "newer:jshint:all" (newer) task[24m
[33mWarning: Cannot read property 'files' of undefined Use --force to continue.[39m

[31mAborted due to warnings.[39m


Execution Time (2018-01-11 18:28:31 UTC+5:30)
loading tasks        18ms  ▇▇▇▇▇▇▇▇▇▇▇ 26%
loading grunt-newer  41ms  ▇▇▇▇▇▇▇▇▇▇▇▇▇▇▇▇▇▇▇▇▇▇▇▇▇ 60%
newer:jshint:all      8ms  ▇▇▇▇▇ 12%
Total 68ms

[36mCompleted in 2.864s at Thu Jan 11 2018 18:28:31 GMT+0530 (IST)[39m - Waiting...
[32m>> [39mFile "app/index.html" changed.
[36mCompleted in 0.000s at Thu Jan 11 2018 18:36:04 GMT+0530 (IST)[39m - Waiting...
[32m>> [39mFile "app/scripts/controllers/user.js" changed.
Loading "Gruntfile.js" tasks...[31mERROR[39m
[31m>> [39mSyntaxError: /var/www/vhosts/udaantechnologies.com/projects/ladak/bower.json: Unexpected token < in JSON at position 284

[4mRunning "newer:jshint:all" (newer) task[24m
[33mWarning: Cannot read property 'files' of undefined Use --force to continue.[39m

[31mAborted due to warnings.[39m


Execution Time (2018-01-11 18:37:02 UTC+5:30)
loading tasks        19ms  ▇▇▇▇▇▇▇▇▇▇▇ 25%
loading grunt-newer  47ms  ▇▇▇▇▇▇▇▇▇▇▇▇▇▇▇▇▇▇▇▇▇▇▇▇▇▇ 62%
newer:jshint:all      9ms  ▇▇▇▇▇ 12%
Total 76ms

[36mCompleted in 0.600s at Thu Jan 11 2018 18:37:02 GMT+0530 (IST)[39m - Waiting...
[32m>> [39mFile "bower.json" changed.
[4mRunning "wiredep:app" (wiredep) task[24m
[33mWarning: Error: angular-local-storage is not installed. Try running `bower install`. Use --force to continue.[39m

[31mAborted due to warnings.[39m


Execution Time (2018-01-11 18:37:54 UTC+5:30)
loading tasks          291ms  ▇▇▇▇▇▇▇▇▇▇▇▇▇▇▇▇▇▇▇▇▇▇▇ 58%
loading grunt-wiredep   13ms  ▇▇ 3%
wiredep:app            192ms  ▇▇▇▇▇▇▇▇▇▇▇▇▇▇▇ 38%
Total 503ms

[36mCompleted in 1.043s at Thu Jan 11 2018 18:37:54 GMT+0530 (IST)[39m - Waiting...
[32m>> [39mFile "app/index.html" changed.
[36mCompleted in 0.000s at Thu Jan 11 2018 18:51:02 GMT+0530 (IST)[39m - Waiting...
